<?xml version="1.0" encoding="UTF-8"?>
<!-- Generated by org.testng.reporters.JUnitXMLReporter -->
<testsuite ignored="3" hostname="DESKTOP-N4OFCKJ" failures="0" tests="1" name="Test" time="9.884" errors="0" timestamp="2023-03-29T23:18:24 IST">
  <testcase classname="org.vtiger.Contacts.CreateContactWithOrganizationTest" name="createContactWithOrg" time="5.806"/>
  <testcase classname="com.vtiger.genericUtilities.BaseClass" name="@AfterSuite asConfig" time="0.0">
    <ignored/>
  </testcase> <!-- @AfterSuite asConfig -->
  <testcase classname="org.vtiger.Organization.CreateOrganizationTest" name="createOrganization" time="0.0">
    <ignored/>
  </testcase> <!-- createOrganization -->
  <testcase classname="com.vtiger.genericUtilities.BaseClass" name="@BeforeSuite bsConfig" time="0.0">
    <ignored/>
  </testcase> <!-- @BeforeSuite bsConfig -->
</testsuite> <!-- Test -->
