<?xml version="1.0" encoding="UTF-8"?>
<testng-results ignored="0" total="1" passed="1" failed="0" skipped="0">
  <reporter-output>
  </reporter-output>
  <suite started-at="2023-03-29T20:59:18 IST" name="Default suite" finished-at="2023-03-29T20:59:27 IST" duration-ms="9423">
    <groups>
    </groups>
    <test started-at="2023-03-29T20:59:18 IST" name="Default test" finished-at="2023-03-29T20:59:27 IST" duration-ms="9423">
      <class name="org.vtiger.Organization.CreateOrganizationTest">
        <test-method is-config="true" signature="bsConfig()[pri:0, instance:org.vtiger.Organization.CreateOrganizationTest@77fbd92c]" started-at="2023-03-29T20:59:18 IST" name="bsConfig" finished-at="2023-03-29T20:59:18 IST" duration-ms="3" status="PASS">
          <reporter-output>
          </reporter-output>
        </test-method> <!-- bsConfig -->
        <test-method is-config="true" signature="bcConfig()[pri:0, instance:org.vtiger.Organization.CreateOrganizationTest@77fbd92c]" started-at="2023-03-29T20:59:18 IST" name="bcConfig" finished-at="2023-03-29T20:59:20 IST" duration-ms="1932" status="PASS">
          <reporter-output>
          </reporter-output>
        </test-method> <!-- bcConfig -->
        <test-method is-config="true" signature="bmConfig()[pri:0, instance:org.vtiger.Organization.CreateOrganizationTest@77fbd92c]" started-at="2023-03-29T20:59:20 IST" name="bmConfig" finished-at="2023-03-29T20:59:21 IST" duration-ms="1100" status="PASS">
          <reporter-output>
          </reporter-output>
        </test-method> <!-- bmConfig -->
        <test-method signature="createOrganization()[pri:0, instance:org.vtiger.Organization.CreateOrganizationTest@77fbd92c]" started-at="2023-03-29T20:59:21 IST" name="createOrganization" finished-at="2023-03-29T20:59:26 IST" duration-ms="5378" status="PASS">
          <reporter-output>
          </reporter-output>
        </test-method> <!-- createOrganization -->
        <test-method is-config="true" signature="amConfig()[pri:0, instance:org.vtiger.Organization.CreateOrganizationTest@77fbd92c]" started-at="2023-03-29T20:59:26 IST" name="amConfig" finished-at="2023-03-29T20:59:27 IST" duration-ms="811" status="PASS">
          <reporter-output>
          </reporter-output>
        </test-method> <!-- amConfig -->
        <test-method is-config="true" signature="acConfig()[pri:0, instance:org.vtiger.Organization.CreateOrganizationTest@77fbd92c]" started-at="2023-03-29T20:59:27 IST" name="acConfig" finished-at="2023-03-29T20:59:27 IST" duration-ms="190" status="PASS">
          <reporter-output>
          </reporter-output>
        </test-method> <!-- acConfig -->
        <test-method is-config="true" signature="asConfig()[pri:0, instance:org.vtiger.Organization.CreateOrganizationTest@77fbd92c]" started-at="2023-03-29T20:59:27 IST" name="asConfig" finished-at="2023-03-29T20:59:27 IST" duration-ms="0" status="PASS">
          <reporter-output>
          </reporter-output>
        </test-method> <!-- asConfig -->
      </class> <!-- org.vtiger.Organization.CreateOrganizationTest -->
    </test> <!-- Default test -->
  </suite> <!-- Default suite -->
</testng-results>
