<?xml version="1.0" encoding="UTF-8"?>
<testng-results ignored="0" total="1" passed="1" failed="0" skipped="0">
  <reporter-output>
  </reporter-output>
  <suite started-at="2023-03-29T20:28:53 IST" name="Default suite" finished-at="2023-03-29T20:29:03 IST" duration-ms="9185">
    <groups>
    </groups>
    <test started-at="2023-03-29T20:28:53 IST" name="Default test" finished-at="2023-03-29T20:29:03 IST" duration-ms="9185">
      <class name="org.vtiger.Contacts.CreateContactWithOrganizationTest">
        <test-method is-config="true" signature="bsConfig()[pri:0, instance:org.vtiger.Contacts.CreateContactWithOrganizationTest@5b8dfcc1]" started-at="2023-03-29T20:28:53 IST" name="bsConfig" finished-at="2023-03-29T20:28:53 IST" duration-ms="3" status="PASS">
          <reporter-output>
          </reporter-output>
        </test-method> <!-- bsConfig -->
        <test-method is-config="true" signature="bcConfig()[pri:0, instance:org.vtiger.Contacts.CreateContactWithOrganizationTest@5b8dfcc1]" started-at="2023-03-29T20:28:53 IST" name="bcConfig" finished-at="2023-03-29T20:28:55 IST" duration-ms="1850" status="PASS">
          <reporter-output>
          </reporter-output>
        </test-method> <!-- bcConfig -->
        <test-method is-config="true" signature="bmConfig()[pri:0, instance:org.vtiger.Contacts.CreateContactWithOrganizationTest@5b8dfcc1]" started-at="2023-03-29T20:28:55 IST" name="bmConfig" finished-at="2023-03-29T20:28:56 IST" duration-ms="924" status="PASS">
          <reporter-output>
          </reporter-output>
        </test-method> <!-- bmConfig -->
        <test-method signature="createContactWithOrg()[pri:0, instance:org.vtiger.Contacts.CreateContactWithOrganizationTest@5b8dfcc1]" started-at="2023-03-29T20:28:56 IST" name="createContactWithOrg" finished-at="2023-03-29T20:29:02 IST" duration-ms="5520" status="PASS">
          <reporter-output>
          </reporter-output>
        </test-method> <!-- createContactWithOrg -->
        <test-method is-config="true" signature="amConfig()[pri:0, instance:org.vtiger.Contacts.CreateContactWithOrganizationTest@5b8dfcc1]" started-at="2023-03-29T20:29:02 IST" name="amConfig" finished-at="2023-03-29T20:29:02 IST" duration-ms="692" status="PASS">
          <reporter-output>
          </reporter-output>
        </test-method> <!-- amConfig -->
        <test-method is-config="true" signature="acConfig()[pri:0, instance:org.vtiger.Contacts.CreateContactWithOrganizationTest@5b8dfcc1]" started-at="2023-03-29T20:29:02 IST" name="acConfig" finished-at="2023-03-29T20:29:03 IST" duration-ms="186" status="PASS">
          <reporter-output>
          </reporter-output>
        </test-method> <!-- acConfig -->
        <test-method is-config="true" signature="asConfig()[pri:0, instance:org.vtiger.Contacts.CreateContactWithOrganizationTest@5b8dfcc1]" started-at="2023-03-29T20:29:03 IST" name="asConfig" finished-at="2023-03-29T20:29:03 IST" duration-ms="0" status="PASS">
          <reporter-output>
          </reporter-output>
        </test-method> <!-- asConfig -->
      </class> <!-- org.vtiger.Contacts.CreateContactWithOrganizationTest -->
    </test> <!-- Default test -->
  </suite> <!-- Default suite -->
</testng-results>
